<?xml version="1.0" encoding="UTF-8"?>
<!-- Generated by org.testng.reporters.JUnitReportReporter -->
<testsuite name="qsp.DemoA" tests="1" time="28.311" ignored="0" failures="0" timestamp="03 Feb 2018 10:42:28 GMT" skipped="0" hostname="CBT-LAB-027" errors="0">
  <testcase name="testA" time="28.311" classname="qsp.DemoA"/>
</testsuite> <!-- qsp.DemoA -->
